This is e-pTeX, Version 3.14159265-p3.8.3-191112-2.6 (utf8.sjis) (TeX Live 2019/W32TeX) (preloaded format=platex 2019.12.11)  6 JAN 2020 15:15
entering extended mode
 restricted \write18 enabled.
 %&-line parsing enabled.
**2.tex
(./2.tex
pLaTeX2e <2019-10-01>+1 (based on LaTeX2e <2019-10-01> patch level 3)

! LaTeX Error: Missing \begin{document}.

See the LaTeX manual or LaTeX Companion for explanation.
Type  H <return>  for immediate help.
 ...                                              
                                                  
l.4 本
      章では、本論文で使用する用語、研究方針のフロー、商品識別システムの概要...

? 
! Emergency stop.
 ...                                              
                                                  
l.4 本
      章では、本論文で使用する用語、研究方針のフロー、商品識別システムの概要...

You're in trouble here.  Try typing  <return>  to proceed.
If that doesn't work, type  X <return>  to quit.

 
Here is how much of TeX's memory you used:
 6 strings out of 492749
 161 string characters out of 6141886
 63954 words of memory out of 5000000
 4563 multiletter control sequences out of 15000+600000
 7511 words of font info for 31 fonts, out of 8000000 for 9000
 929 hyphenation exceptions out of 8191
 9i,0n,4p,96b,14s stack positions out of 5000i,500n,10000p,500000b,80000s
No pages of output.
