This is e-pTeX, Version 3.14159265-p3.8.3-191112-2.6 (utf8.sjis) (TeX Live 2019/W32TeX) (preloaded format=platex 2019.12.11)  18 JAN 2020 14:42
entering extended mode
 restricted \write18 enabled.
 %&-line parsing enabled.
**3-2.tex
(./3-2.tex
pLaTeX2e <2019-10-01>+1 (based on LaTeX2e <2019-10-01> patch level 3)
! Undefined control sequence.
l.2 \section
            {設計}
? 
! Emergency stop.
l.2 \section
            {設計}
End of file on the terminal!

 
Here is how much of TeX's memory you used:
 5 strings out of 492749
 36 string characters out of 6141886
 63883 words of memory out of 5000000
 4563 multiletter control sequences out of 15000+600000
 7511 words of font info for 31 fonts, out of 8000000 for 9000
 929 hyphenation exceptions out of 8191
 9i,0n,3p,28b,10s stack positions out of 5000i,500n,10000p,500000b,80000s
No pages of output.
